<?xml version="1.0" encoding="UTF-8"?>
<!-- Generated by org.testng.reporters.JUnitXMLReporter -->
<testsuite hostname="BTM-Faculty-PC" ignored="0" name="Test" tests="1" failures="1" timestamp="30 Aug 2019 10:05:34 GMT" time="24.181" errors="0">
  <testcase name="verifyCRMValidLoginTest" time="0.008" classname="com.zoho.LoginTest.CRMLoginTest">
    <failure type="java.lang.NullPointerException">
      <![CDATA[java.lang.NullPointerException
	at com.zoho.LoginTest.CRMLoginTest.verifyCRMValidLoginTest(CRMLoginTest.java:14)
... Removed 25 stack frames]]>
    </failure>
  </testcase> <!-- verifyCRMValidLoginTest -->
</testsuite> <!-- Test -->
